<?xml version="1.0" encoding="utf-8"?><testsuites name="pytest tests"><testsuite name="pytest" errors="0" failures="0" skipped="0" tests="4" time="0.257" timestamp="2026-01-27T20:58:30.445302-05:00" hostname="The-Rig"><testcase classname="tests.test_level_planner_synergy" name="test_synergy_support_from_steps_aggregates_support" time="0.027" /><testcase classname="tests.test_level_planner_synergy" name="test_synergy_score_rewards_diversity" time="0.006" /><testcase classname="tests.test_level_planner_synergy" name="test_pending_synergy_supports_filters_completed" time="0.005" /><testcase classname="tests.test_single_planner.PlannerZeroXPTest" name="test_zero_xp_recipe_rejected" time="0.002" /></testsuite></testsuites>